This is pdfTeX, Version 3.1415926-2.3-1.40.12 (TeX Live 2011) (format=pdflatex 2011.7.3)  20 FEB 2012 23:54
entering extended mode
 restricted \write18 enabled.
 %&-line parsing enabled.
**chris_brown_hw04.tex
(./chris_brown_hw04.tex
LaTeX2e <2009/09/24>
Babel <v3.8l> and hyphenation patterns for english, dumylang, nohyphenation, ge
rman-x-2009-06-19, ngerman-x-2009-06-19, afrikaans, ancientgreek, ibycus, arabi
c, armenian, basque, bulgarian, catalan, pinyin, coptic, croatian, czech, danis
h, dutch, ukenglish, usenglishmax, esperanto, estonian, ethiopic, farsi, finnis
h, french, galician, german, ngerman, swissgerman, monogreek, greek, hungarian,
 icelandic, assamese, bengali, gujarati, hindi, kannada, malayalam, marathi, or
iya, panjabi, tamil, telugu, indonesian, interlingua, irish, italian, kurmanji,
 lao, latin, latvian, lithuanian, mongolian, mongolianlmc, bokmal, nynorsk, pol
ish, portuguese, romanian, russian, sanskrit, serbian, serbianc, slovak, sloven
ian, spanish, swedish, turkish, turkmen, ukrainian, uppersorbian, welsh, loaded
.
(/usr/local/texlive/2011/texmf-dist/tex/latex/base/report.cls
Document Class: report 2007/10/19 v1.4h Standard LaTeX document class
(/usr/local/texlive/2011/texmf-dist/tex/latex/base/size11.clo
File: size11.clo 2007/10/19 v1.4h Standard LaTeX file (size option)
)
\c@part=\count79
\c@chapter=\count80
\c@section=\count81
\c@subsection=\count82
\c@subsubsection=\count83
\c@paragraph=\count84
\c@subparagraph=\count85
\c@figure=\count86
\c@table=\count87
\abovecaptionskip=\skip41
\belowcaptionskip=\skip42
\bibindent=\dimen102
)
(/usr/local/texlive/2011/texmf-dist/tex/latex/graphics/graphicx.sty
Package: graphicx 1999/02/16 v1.0f Enhanced LaTeX Graphics (DPC,SPQR)

(/usr/local/texlive/2011/texmf-dist/tex/latex/graphics/keyval.sty
Package: keyval 1999/03/16 v1.13 key=value parser (DPC)
\KV@toks@=\toks14
)
(/usr/local/texlive/2011/texmf-dist/tex/latex/graphics/graphics.sty
Package: graphics 2009/02/05 v1.0o Standard LaTeX Graphics (DPC,SPQR)

(/usr/local/texlive/2011/texmf-dist/tex/latex/graphics/trig.sty
Package: trig 1999/03/16 v1.09 sin cos tan (DPC)
)
(/usr/local/texlive/2011/texmf-dist/tex/latex/latexconfig/graphics.cfg
File: graphics.cfg 2010/04/23 v1.9 graphics configuration of TeX Live
)
Package graphics Info: Driver file: pdftex.def on input line 91.

(/usr/local/texlive/2011/texmf-dist/tex/latex/pdftex-def/pdftex.def
File: pdftex.def 2011/05/27 v0.06d Graphics/color for pdfTeX

(/usr/local/texlive/2011/texmf-dist/tex/generic/oberdiek/infwarerr.sty
Package: infwarerr 2010/04/08 v1.3 Providing info/warning/message (HO)
)
(/usr/local/texlive/2011/texmf-dist/tex/generic/oberdiek/ltxcmds.sty
Package: ltxcmds 2011/04/18 v1.20 LaTeX kernel commands for general use (HO)
)
\Gread@gobject=\count88
))
\Gin@req@height=\dimen103
\Gin@req@width=\dimen104
)
(/Users/chbrown/Library/texmf/tex/latex/henrian-more.sty
(/Users/chbrown/Library/texmf/tex/latex/henrian-basic.sty
(/usr/local/texlive/2011/texmf-dist/tex/latex/amsfonts/amssymb.sty
Package: amssymb 2009/06/22 v3.00

(/usr/local/texlive/2011/texmf-dist/tex/latex/amsfonts/amsfonts.sty
Package: amsfonts 2009/06/22 v3.00 Basic AMSFonts support
\@emptytoks=\toks15
\symAMSa=\mathgroup4
\symAMSb=\mathgroup5
LaTeX Font Info:    Overwriting math alphabet `\mathfrak' in version `bold'
(Font)                  U/euf/m/n --> U/euf/b/n on input line 96.
))
(/usr/local/texlive/2011/texmf-dist/tex/latex/fancyhdr/fancyhdr.sty
\fancy@headwidth=\skip43
\f@ncyO@elh=\skip44
\f@ncyO@erh=\skip45
\f@ncyO@olh=\skip46
\f@ncyO@orh=\skip47
\f@ncyO@elf=\skip48
\f@ncyO@erf=\skip49
\f@ncyO@olf=\skip50
\f@ncyO@orf=\skip51
)
(/usr/local/texlive/2011/texmf-dist/tex/latex/lastpage/lastpage.sty
Package: lastpage 2011/02/01 v1.2g Refers to last page's name (HMM; JPG)
)
(/usr/local/texlive/2011/texmf-dist/tex/latex/tools/enumerate.sty
Package: enumerate 1999/03/05 v3.00 enumerate extensions (DPC)
\@enLab=\toks16
)
(/usr/local/texlive/2011/texmf-dist/tex/latex/soul/soul.sty
Package: soul 2003/11/17 v2.4 letterspacing/underlining (mf)
\SOUL@word=\toks17
\SOUL@lasttoken=\toks18
\SOUL@cmds=\toks19
\SOUL@buffer=\toks20
\SOUL@token=\toks21
\SOUL@spaceskip=\skip52
\SOUL@ttwidth=\dimen105
\SOUL@uldp=\dimen106
\SOUL@ulht=\dimen107
)
(/usr/local/texlive/2011/texmf-dist/tex/latex/footmisc/footmisc.sty
Package: footmisc 2009/09/15 v5.5a a miscellany of footnote facilities
\FN@temptoken=\toks22
\footnotemargin=\dimen108


LaTeX Warning: Command \@makecol  has changed.
               Check if current package is valid.

\c@pp@next@reset=\count89
Package footmisc Info: Declaring symbol style bringhurst on input line 855.
Package footmisc Info: Declaring symbol style chicago on input line 863.
Package footmisc Info: Declaring symbol style wiley on input line 872.
Package footmisc Info: Declaring symbol style lamport-robust on input line 883.

Package footmisc Info: Declaring symbol style lamport* on input line 903.
Package footmisc Info: Declaring symbol style lamport*-robust on input line 924
.
) (/usr/local/texlive/2011/texmf-dist/tex/latex/base/fontenc.sty
Package: fontenc 2005/09/27 v1.99g Standard LaTeX package

(/usr/local/texlive/2011/texmf-dist/tex/latex/base/t1enc.def
File: t1enc.def 2005/09/27 v1.99g Standard LaTeX file
LaTeX Font Info:    Redeclaring font encoding T1 on input line 43.
)))
(/usr/local/texlive/2011/texmf-dist/tex/latex/qtree/qtree.sty
Package: 2008/12/12 v.3.1bQtree: tree-drawing for linguistics
Package: qtree 2008/12/12 v.3.1bQtree: tree-drawing for linguistics
(/usr/local/texlive/2011/texmf-dist/tex/latex/pict2e/pict2e.sty
Package: pict2e 2011/04/05 v0.2y Improved picture commands (HjG,RN,JT)

(/usr/local/texlive/2011/texmf-dist/tex/latex/pict2e/pict2e.cfg
File: pict2e.cfg 2011/04/05 v0.1t pict2e configuration for teTeX/TeXLive
)
Package pict2e Info: Driver file: pdftex.def on input line 119.
Package pict2e Info: Driver file for pict2e: p2e-pdftex.def on input line 121.

(/usr/local/texlive/2011/texmf-dist/tex/latex/pict2e/p2e-pdftex.def
File: p2e-pdftex.def 2011/04/05 v0.1t Driver-dependant file (RN,HjG,JT)
)
\pIIe@GRAPH=\toks23
\@arclen=\dimen109
\@arcrad=\dimen110
\@tempdimd=\dimen111
)
\c@treecount=\count90
\c@branchcount=\count91
\parentbox=\box26
\treebox=\box27
\treeboxone=\box28
\treeboxtwo=\box29
\treeboxthree=\box30
\treeboxfour=\box31
\treeboxfive=\box32
\treeboxsix=\box33
\treeboxseven=\box34
\treeboxeight=\box35
\treeboxnine=\box36
\treeboxten=\box37
\treeboxeleven=\box38
\treeboxtwelve=\box39
\treeboxthirteen=\box40
\treeboxfourteen=\box41
\treeboxfifteen=\box42
\treeboxsixteen=\box43
\treeboxseventeen=\box44
\treeboxeighteen=\box45
\treeboxnineteen=\box46
\treeboxtwenty=\box47
\treeoffsetone=\skip53
\treeoffsettwo=\skip54
\treeoffsetthree=\skip55
\treeoffsetfour=\skip56
\treeoffsetfive=\skip57
\treeoffsetsix=\skip58
\treeoffsetseven=\skip59
\treeoffseteight=\skip60
\treeoffsetnine=\skip61
\treeoffsetten=\skip62
\treeoffseteleven=\skip63
\treeoffsettwelve=\skip64
\treeoffsetthirteen=\skip65
\treeoffsetfourteen=\skip66
\treeoffsetfifteen=\skip67
\treeoffsetsixteen=\skip68
\treeoffsetseventeen=\skip69
\treeoffseteighteen=\skip70
\treeoffsetnineteen=\skip71
\treeoffsettwenty=\skip72
\treeshiftone=\skip73
\treeshifttwo=\skip74
\treeshiftthree=\skip75
\treeshiftfour=\skip76
\treeshiftfive=\skip77
\treeshiftsix=\skip78
\treeshiftseven=\skip79
\treeshifteight=\skip80
\treeshiftnine=\skip81
\treeshiftten=\skip82
\treeshifteleven=\skip83
\treeshifttwelve=\skip84
\treeshiftthirteen=\skip85
\treeshiftfourteen=\skip86
\treeshiftfifteen=\skip87
\treeshiftsixteen=\skip88
\treeshiftseventeen=\skip89
\treeshifteighteen=\skip90
\treeshiftnineteen=\skip91
\treeshifttwenty=\skip92
\treewidthone=\skip93
\treewidthtwo=\skip94
\treewidththree=\skip95
\treewidthfour=\skip96
\treewidthfive=\skip97
\treewidthsix=\skip98
\treewidthseven=\skip99
\treewidtheight=\skip100
\treewidthnine=\skip101
\treewidthten=\skip102
\treewidtheleven=\skip103
\treewidthtwelve=\skip104
\treewidththirteen=\skip105
\treewidthfourteen=\skip106
\treewidthfifteen=\skip107
\treewidthsixteen=\skip108
\treewidthseventeen=\skip109
\treewidtheighteen=\skip110
\treewidthnineteen=\skip111
\treewidthtwenty=\skip112
\daughteroffsetone=\skip113
\daughteroffsettwo=\skip114
\daughteroffsetthree=\skip115
\daughteroffsetfour=\skip116
\branchwidthone=\skip117
\branchwidthtwo=\skip118
\branchwidththree=\skip119
\branchwidthfour=\skip120
\parentoffset=\skip121
\treeoffset=\skip122
\daughteroffset=\skip123
\branchwidth=\skip124
\parentwidth=\skip125
\treewidth=\skip126
\qta=\toks24
\qtb=\toks25
\nbranches=\count92
\qroofx=\count93
\qroofy=\count94
\@qrscratchbox=\box48
)
(/usr/local/texlive/2011/texmf-dist/tex/latex/tree-dvips/tree-dvips.sty
tree-dvips version .91 of May 16, 1995
\nodemargin=\dimen112
\treelinewidth=\dimen113
\dashlength=\dimen114
\arrowwidth=\dimen115
\arrowlength=\dimen116
\arrowinset=\dimen117
\pos@t=\toks26
\pos@b=\toks27
\pos@l=\toks28
\pos@r=\toks29
\pos@tl=\toks30
\pos@tr=\toks31
\pos@bl=\toks32
\pos@br=\toks33
\@arrow=\count95
\@tempdimc=\dimen118
) (/usr/local/texlive/2011/texmf-dist/tex/latex/tools/multicol.sty
Package: multicol 2008/12/05 v1.6h multicolumn formatting (FMi)
\c@tracingmulticols=\count96
\mult@box=\box49
\multicol@leftmargin=\dimen119
\c@unbalance=\count97
\c@collectmore=\count98
\doublecol@number=\count99
\multicoltolerance=\count100
\multicolpretolerance=\count101
\full@width=\dimen120
\page@free=\dimen121
\premulticols=\dimen122
\postmulticols=\dimen123
\multicolsep=\skip127
\multicolbaselineskip=\skip128
\partial@page=\box50
\last@line=\box51
\mult@rightbox=\box52
\mult@grightbox=\box53
\mult@gfirstbox=\box54
\mult@firstbox=\box55
\@tempa=\box56
\@tempa=\box57
\@tempa=\box58
\@tempa=\box59
\@tempa=\box60
\@tempa=\box61
\@tempa=\box62
\@tempa=\box63
\@tempa=\box64
\@tempa=\box65
\@tempa=\box66
\@tempa=\box67
\@tempa=\box68
\@tempa=\box69
\@tempa=\box70
\@tempa=\box71
\@tempa=\box72
\c@columnbadness=\count102
\c@finalcolumnbadness=\count103
\last@try=\dimen124
\multicolovershoot=\dimen125
\multicolundershoot=\dimen126
\mult@nat@firstbox=\box73
\colbreak@box=\box74
)
(/usr/local/texlive/2011/texmf-dist/tex/latex/multirow/multirow.sty
\bigstrutjot=\dimen127
)
(/usr/local/texlive/2011/texmf-dist/tex/latex/tools/xspace.sty
Package: xspace 2006/05/08 v1.12 Space after command names (DPC,MH)
)
(/usr/local/texlive/2011/texmf-dist/tex/latex/tipa/tipa.sty
Package: tipa 2002/08/08 TIPA version 1.1

(/usr/local/texlive/2011/texmf-dist/tex/latex/base/fontenc.sty
Package: fontenc 2005/09/27 v1.99g Standard LaTeX package

(/usr/local/texlive/2011/texmf-dist/tex/latex/tipa/t3enc.def
File: t3enc.def 2001/12/31 T3 encoding
LaTeX Font Info:    Try loading font information for T1+cmss on input line 357.


(/usr/local/texlive/2011/texmf-dist/tex/latex/base/t1cmss.fd
File: t1cmss.fd 1999/05/25 v2.5h Standard LaTeX font definitions
))
(/usr/local/texlive/2011/texmf-dist/tex/latex/base/t1enc.def
File: t1enc.def 2005/09/27 v1.99g Standard LaTeX file
LaTeX Font Info:    Redeclaring font encoding T1 on input line 43.
)))
(/usr/local/texlive/2011/texmf-dist/tex/latex/base/textcomp.sty
Package: textcomp 2005/09/27 v1.99g Standard LaTeX package
Package textcomp Info: Sub-encoding information:
(textcomp)               5 = only ISO-Adobe without \textcurrency
(textcomp)               4 = 5 + \texteuro
(textcomp)               3 = 4 + \textohm
(textcomp)               2 = 3 + \textestimated + \textcurrency
(textcomp)               1 = TS1 - \textcircled - \t
(textcomp)               0 = TS1 (full)
(textcomp)             Font families with sub-encoding setting implement
(textcomp)             only a restricted character set as indicated.
(textcomp)             Family '?' is the default used for unknown fonts.
(textcomp)             See the documentation for details.
Package textcomp Info: Setting ? sub-encoding to TS1/1 on input line 71.

(/usr/local/texlive/2011/texmf-dist/tex/latex/base/ts1enc.def
File: ts1enc.def 2001/06/05 v3.0e (jk/car/fm) Standard LaTeX file
)
LaTeX Info: Redefining \oldstylenums on input line 266.
Package textcomp Info: Setting cmr sub-encoding to TS1/0 on input line 281.
Package textcomp Info: Setting cmss sub-encoding to TS1/0 on input line 282.
Package textcomp Info: Setting cmtt sub-encoding to TS1/0 on input line 283.
Package textcomp Info: Setting cmvtt sub-encoding to TS1/0 on input line 284.
Package textcomp Info: Setting cmbr sub-encoding to TS1/0 on input line 285.
Package textcomp Info: Setting cmtl sub-encoding to TS1/0 on input line 286.
Package textcomp Info: Setting ccr sub-encoding to TS1/0 on input line 287.
Package textcomp Info: Setting ptm sub-encoding to TS1/4 on input line 288.
Package textcomp Info: Setting pcr sub-encoding to TS1/4 on input line 289.
Package textcomp Info: Setting phv sub-encoding to TS1/4 on input line 290.
Package textcomp Info: Setting ppl sub-encoding to TS1/3 on input line 291.
Package textcomp Info: Setting pag sub-encoding to TS1/4 on input line 292.
Package textcomp Info: Setting pbk sub-encoding to TS1/4 on input line 293.
Package textcomp Info: Setting pnc sub-encoding to TS1/4 on input line 294.
Package textcomp Info: Setting pzc sub-encoding to TS1/4 on input line 295.
Package textcomp Info: Setting bch sub-encoding to TS1/4 on input line 296.
Package textcomp Info: Setting put sub-encoding to TS1/5 on input line 297.
Package textcomp Info: Setting uag sub-encoding to TS1/5 on input line 298.
Package textcomp Info: Setting ugq sub-encoding to TS1/5 on input line 299.
Package textcomp Info: Setting ul8 sub-encoding to TS1/4 on input line 300.
Package textcomp Info: Setting ul9 sub-encoding to TS1/4 on input line 301.
Package textcomp Info: Setting augie sub-encoding to TS1/5 on input line 302.
Package textcomp Info: Setting dayrom sub-encoding to TS1/3 on input line 303.
Package textcomp Info: Setting dayroms sub-encoding to TS1/3 on input line 304.

Package textcomp Info: Setting pxr sub-encoding to TS1/0 on input line 305.
Package textcomp Info: Setting pxss sub-encoding to TS1/0 on input line 306.
Package textcomp Info: Setting pxtt sub-encoding to TS1/0 on input line 307.
Package textcomp Info: Setting txr sub-encoding to TS1/0 on input line 308.
Package textcomp Info: Setting txss sub-encoding to TS1/0 on input line 309.
Package textcomp Info: Setting txtt sub-encoding to TS1/0 on input line 310.
Package textcomp Info: Setting futs sub-encoding to TS1/4 on input line 311.
Package textcomp Info: Setting futx sub-encoding to TS1/4 on input line 312.
Package textcomp Info: Setting futj sub-encoding to TS1/4 on input line 313.
Package textcomp Info: Setting hlh sub-encoding to TS1/3 on input line 314.
Package textcomp Info: Setting hls sub-encoding to TS1/3 on input line 315.
Package textcomp Info: Setting hlst sub-encoding to TS1/3 on input line 316.
Package textcomp Info: Setting hlct sub-encoding to TS1/5 on input line 317.
Package textcomp Info: Setting hlx sub-encoding to TS1/5 on input line 318.
Package textcomp Info: Setting hlce sub-encoding to TS1/5 on input line 319.
Package textcomp Info: Setting hlcn sub-encoding to TS1/5 on input line 320.
Package textcomp Info: Setting hlcw sub-encoding to TS1/5 on input line 321.
Package textcomp Info: Setting hlcf sub-encoding to TS1/5 on input line 322.
Package textcomp Info: Setting pplx sub-encoding to TS1/3 on input line 323.
Package textcomp Info: Setting pplj sub-encoding to TS1/3 on input line 324.
Package textcomp Info: Setting ptmx sub-encoding to TS1/4 on input line 325.
Package textcomp Info: Setting ptmj sub-encoding to TS1/4 on input line 326.
))
(/usr/local/texlive/2011/texmf-dist/tex/latex/subfig/subfig.sty
Package: subfig 2005/06/28 ver: 1.3 subfig package

(/usr/local/texlive/2011/texmf-dist/tex/latex/caption/caption.sty
Package: caption 2010/01/09 v3.1m Customizing captions (AR)

(/usr/local/texlive/2011/texmf-dist/tex/latex/caption/caption3.sty
Package: caption3 2010/01/14 v3.1m caption3 kernel (AR)
\captionmargin=\dimen128
\captionmargin@=\dimen129
\captionwidth=\dimen130
\caption@indent=\dimen131
\caption@parindent=\dimen132
\caption@hangindent=\dimen133
)
\c@ContinuedFloat=\count104
)
\c@KVtest=\count105
\sf@farskip=\skip129
\sf@captopadj=\dimen134
\sf@capskip=\skip130
\sf@nearskip=\skip131
\c@subfigure=\count106
\c@subfigure@save=\count107
\c@lofdepth=\count108
\c@subtable=\count109
\c@subtable@save=\count110
\c@lotdepth=\count111
\sf@top=\skip132
\sf@bottom=\skip133
)
(/usr/local/texlive/2011/texmf-dist/tex/latex/booktabs/booktabs.sty
Package: booktabs 2005/04/14 v1.61803 publication quality tables
\heavyrulewidth=\dimen135
\lightrulewidth=\dimen136
\cmidrulewidth=\dimen137
\belowrulesep=\dimen138
\belowbottomsep=\dimen139
\aboverulesep=\dimen140
\abovetopsep=\dimen141
\cmidrulesep=\dimen142
\cmidrulekern=\dimen143
\defaultaddspace=\dimen144
\@cmidla=\count112
\@cmidlb=\count113
\@aboverulesep=\dimen145
\@belowrulesep=\dimen146
\@thisruleclass=\count114
\@lastruleclass=\count115
\@thisrulewidth=\dimen147
)
(/usr/local/texlive/2011/texmf-dist/tex/latex/rotating/rotating.sty
Package: rotating 2009/03/28 v2.16a rotated objects in LaTeX

(/usr/local/texlive/2011/texmf-dist/tex/latex/base/ifthen.sty
Package: ifthen 2001/05/26 v1.1c Standard LaTeX ifthen package (DPC)
)
\c@r@tfl@t=\count116
\rotFPtop=\skip134
\rotFPbot=\skip135
\rot@float@box=\box75
\rot@mess@toks=\toks34
)
(/usr/local/texlive/2011/texmf-dist/tex/latex/float/float.sty
Package: float 2001/11/08 v1.3d Float enhancements (AL)
\c@float@type=\count117
\float@exts=\toks35
\float@box=\box76
\@float@everytoks=\toks36
\@floatcapt=\box77
)
(./chris_brown_hw04.aux

LaTeX Warning: Label `fig:f' multiply defined.

)
\openout1 = `chris_brown_hw04.aux'.

LaTeX Font Info:    Checking defaults for OML/cmm/m/it on input line 11.
LaTeX Font Info:    ... okay on input line 11.
LaTeX Font Info:    Checking defaults for T1/cmr/m/n on input line 11.
LaTeX Font Info:    ... okay on input line 11.
LaTeX Font Info:    Checking defaults for OT1/cmr/m/n on input line 11.
LaTeX Font Info:    ... okay on input line 11.
LaTeX Font Info:    Checking defaults for OMS/cmsy/m/n on input line 11.
LaTeX Font Info:    ... okay on input line 11.
LaTeX Font Info:    Checking defaults for OMX/cmex/m/n on input line 11.
LaTeX Font Info:    ... okay on input line 11.
LaTeX Font Info:    Checking defaults for U/cmr/m/n on input line 11.
LaTeX Font Info:    ... okay on input line 11.
LaTeX Font Info:    Checking defaults for T3/cmr/m/n on input line 11.
LaTeX Font Info:    Try loading font information for T3+cmr on input line 11.
 (/usr/local/texlive/2011/texmf-dist/tex/latex/tipa/t3cmr.fd
File: t3cmr.fd 2001/12/31 TIPA font definitions
)
LaTeX Font Info:    ... okay on input line 11.
LaTeX Font Info:    Checking defaults for TS1/cmr/m/n on input line 11.
LaTeX Font Info:    Try loading font information for TS1+cmr on input line 11.

(/usr/local/texlive/2011/texmf-dist/tex/latex/base/ts1cmr.fd
File: ts1cmr.fd 1999/05/25 v2.5h Standard LaTeX font definitions
)
LaTeX Font Info:    ... okay on input line 11.

(/usr/local/texlive/2011/texmf-dist/tex/context/base/supp-pdf.mkii
[Loading MPS to PDF converter (version 2006.09.02).]
\scratchcounter=\count118
\scratchdimen=\dimen148
\scratchbox=\box78
\nofMPsegments=\count119
\nofMParguments=\count120
\everyMPshowfont=\toks37
\MPscratchCnt=\count121
\MPscratchDim=\dimen149
\MPnumerator=\count122
\makeMPintoPDFobject=\count123
\everyMPtoPDFconversion=\toks38
) (/usr/local/texlive/2011/texmf-dist/tex/generic/oberdiek/pdftexcmds.sty
Package: pdftexcmds 2011/04/22 v0.16 Utilities of pdfTeX for LuaTeX (HO)

(/usr/local/texlive/2011/texmf-dist/tex/generic/oberdiek/ifluatex.sty
Package: ifluatex 2010/03/01 v1.3 Provides the ifluatex switch (HO)
Package ifluatex Info: LuaTeX not detected.
)
(/usr/local/texlive/2011/texmf-dist/tex/generic/oberdiek/ifpdf.sty
Package: ifpdf 2011/01/30 v2.3 Provides the ifpdf switch (HO)
Package ifpdf Info: pdfTeX in PDF mode is detected.
)
Package pdftexcmds Info: LuaTeX not detected.
Package pdftexcmds Info: \pdf@primitive is available.
Package pdftexcmds Info: \pdf@ifprimitive is available.
Package pdftexcmds Info: \pdfdraftmode found.
)
(/usr/local/texlive/2011/texmf-dist/tex/latex/oberdiek/epstopdf-base.sty
Package: epstopdf-base 2010/02/09 v2.5 Base part for package epstopdf

(/usr/local/texlive/2011/texmf-dist/tex/latex/oberdiek/grfext.sty
Package: grfext 2010/08/19 v1.1 Managing graphics extensions (HO)

(/usr/local/texlive/2011/texmf-dist/tex/generic/oberdiek/kvdefinekeys.sty
Package: kvdefinekeys 2011/04/07 v1.3 Defining keys (HO)
))
(/usr/local/texlive/2011/texmf-dist/tex/latex/oberdiek/kvoptions.sty
Package: kvoptions 2010/12/23 v3.10 Keyval support for LaTeX options (HO)

(/usr/local/texlive/2011/texmf-dist/tex/generic/oberdiek/kvsetkeys.sty
Package: kvsetkeys 2011/04/07 v1.13 Key value parser (HO)

(/usr/local/texlive/2011/texmf-dist/tex/generic/oberdiek/etexcmds.sty
Package: etexcmds 2011/02/16 v1.5 Prefix for e-TeX command names (HO)
Package etexcmds Info: Could not find \expanded.
(etexcmds)             That can mean that you are not using pdfTeX 1.50 or
(etexcmds)             that some package has redefined \expanded.
(etexcmds)             In the latter case, load this package earlier.
)))
Package grfext Info: Graphics extension search list:
(grfext)             [.png,.pdf,.jpg,.mps,.jpeg,.jbig2,.jb2,.PNG,.PDF,.JPG,.JPE
G,.JBIG2,.JB2,.eps]
(grfext)             \AppendGraphicsExtensions on input line 452.

(/usr/local/texlive/2011/texmf-dist/tex/latex/latexconfig/epstopdf-sys.cfg
File: epstopdf-sys.cfg 2010/07/13 v1.3 Configuration of (r)epstopdf for TeX Liv
e
))
Package lastpage Info: Please have a look at the pagesLTS package at
(lastpage)             http://www.ctan.org/tex-archive/ 
(lastpage)             macros/latex/contrib/pagesLTS/ 
(lastpage)             or
(lastpage)             http://www.ctan.org/tex-archive/ 
(lastpage)             install/macros/latex/contrib/pagesLTS.tds.zip
(lastpage)             ! on input line 11.
Package caption Info: Begin \AtBeginDocument code.
Package caption3 Info: subfig package 1.2 or 1.3 is loaded.
LaTeX Info: Redefining \subref on input line 11.
Package caption Info: float package is loaded.
Package caption Info: rotating package is loaded.
Package caption Info: End \AtBeginDocument code.
LaTeX Font Info:    Try loading font information for U+msa on input line 22.

(/usr/local/texlive/2011/texmf-dist/tex/latex/amsfonts/umsa.fd
File: umsa.fd 2009/06/22 v3.00 AMS symbols A
)
LaTeX Font Info:    Try loading font information for U+msb on input line 22.

(/usr/local/texlive/2011/texmf-dist/tex/latex/amsfonts/umsb.fd
File: umsb.fd 2009/06/22 v3.00 AMS symbols B
)
<../plots/learning-eta-5a.pdf, id=1, 337.26pt x 183.68625pt>
File: ../plots/learning-eta-5a.pdf Graphic file (type pdf)

<use ../plots/learning-eta-5a.pdf>
Package pdftex.def Info: ../plots/learning-eta-5a.pdf used on input line 32.
(pdftex.def)             Requested size: 225.48038pt x 122.80846pt.

<../plots/learning-eta-1a.pdf, id=2, 337.26pt x 183.68625pt>
File: ../plots/learning-eta-1a.pdf Graphic file (type pdf)

<use ../plots/learning-eta-1a.pdf>
Package pdftex.def Info: ../plots/learning-eta-1a.pdf used on input line 33.
(pdftex.def)             Requested size: 225.48038pt x 122.80846pt.

<../plots/learning-eta-01a.pdf, id=3, 337.26pt x 183.68625pt>
File: ../plots/learning-eta-01a.pdf Graphic file (type pdf)

<use ../plots/learning-eta-01a.pdf>
Package pdftex.def Info: ../plots/learning-eta-01a.pdf used on input line 40.
(pdftex.def)             Requested size: 225.48038pt x 122.80846pt.

<../plots/learning-eta-01b.pdf, id=4, 337.26pt x 183.68625pt>
File: ../plots/learning-eta-01b.pdf Graphic file (type pdf)

<use ../plots/learning-eta-01b.pdf>
Package pdftex.def Info: ../plots/learning-eta-01b.pdf used on input line 41.
(pdftex.def)             Requested size: 225.48038pt x 122.80846pt.
 [1{/usr/local/texlive/2011/texmf-var/fonts/map/pdftex/updmap/pdftex.map}


Non-PDF special ignored! <../plots/learning-eta-5a.pdf> <../plots/learning-eta-
1a.pdf>] <../plots/learning-eta-001.pdf, id=32, 334.24875pt x 183.68625pt>
File: ../plots/learning-eta-001.pdf Graphic file (type pdf)

<use ../plots/learning-eta-001.pdf>
Package pdftex.def Info: ../plots/learning-eta-001.pdf used on input line 48.
(pdftex.def)             Requested size: 225.48038pt x 123.91557pt.
LaTeX Font Info:    Try loading font information for T1+cmtt on input line 56.

(/usr/local/texlive/2011/texmf-dist/tex/latex/base/t1cmtt.fd
File: t1cmtt.fd 1999/05/25 v2.5h Standard LaTeX font definitions
)
<../plots/U3.pdf, id=33, 345.29pt x 329.23pt>
File: ../plots/U3.pdf Graphic file (type pdf)
 <use ../plots/U3.pdf>
Package pdftex.def Info: ../plots/U3.pdf used on input line 66.
(pdftex.def)             Requested size: 145.6229pt x 138.84834pt.

<../plots/X3.pdf, id=34, 345.29pt x 329.23pt>
File: ../plots/X3.pdf Graphic file (type pdf)
 <use ../plots/X3.pdf>
Package pdftex.def Info: ../plots/X3.pdf used on input line 69.
(pdftex.def)             Requested size: 145.6229pt x 138.84834pt.
File: ../plots/X3.pdf Graphic file (type pdf)

<use ../plots/X3.pdf>
Package pdftex.def Info: ../plots/X3.pdf used on input line 72.
(pdftex.def)             Requested size: 145.6229pt x 138.84834pt.
 [2 <../plots/learning-eta-01a.pdf> <../plots/learning-eta-01b.pdf> <../plots/l
earning-eta-001.pdf>]
<../plots/mismatch3.pdf, id=57, 371.3875pt x 330.23375pt>
File: ../plots/mismatch3.pdf Graphic file (type pdf)

<use ../plots/mismatch3.pdf>
Package pdftex.def Info: ../plots/mismatch3.pdf used on input line 82.
(pdftex.def)             Requested size: 220.78542pt x 196.32271pt.

<../plots/goodmatch3.pdf, id=58, 371.3875pt x 330.23375pt>
File: ../plots/goodmatch3.pdf Graphic file (type pdf)

<use ../plots/goodmatch3.pdf>
Package pdftex.def Info: ../plots/goodmatch3.pdf used on input line 85.
(pdftex.def)             Requested size: 220.78542pt x 196.32271pt.

<../plots/goodmatch5.pdf, id=59, 789.95125pt x 407.5225pt>
File: ../plots/goodmatch5.pdf Graphic file (type pdf)

<use ../plots/goodmatch5.pdf>
Package pdftex.def Info: ../plots/goodmatch5.pdf used on input line 94.
(pdftex.def)             Requested size: 469.75499pt x 242.33897pt.
 [3 <../plots/U3.pdf> <../plots/X3.pdf> <../plots/mismatch3.pdf> <../plots/good
match3.pdf>]
<../plots/5channels10.pdf, id=83, 796.9775pt x 398.48875pt>
File: ../plots/5channels10.pdf Graphic file (type pdf)

<use ../plots/5channels10.pdf>
Package pdftex.def Info: ../plots/5channels10.pdf used on input line 101.
(pdftex.def)             Requested size: 469.75499pt x 234.87526pt.

<../plots/5channels10b.pdf, id=84, 796.9775pt x 398.48875pt>
File: ../plots/5channels10b.pdf Graphic file (type pdf)

<use ../plots/5channels10b.pdf>
Package pdftex.def Info: ../plots/5channels10b.pdf used on input line 108.
(pdftex.def)             Requested size: 469.75499pt x 234.87526pt.
 [4 <../plots/goodmatch5.pdf> <../plots/5channels10.pdf>] <../plots/5channels10
-25mix.pdf, id=98, 796.9775pt x 398.48875pt>
File: ../plots/5channels10-25mix.pdf Graphic file (type pdf)

<use ../plots/5channels10-25mix.pdf>
Package pdftex.def Info: ../plots/5channels10-25mix.pdf used on input line 115.

(pdftex.def)             Requested size: 469.75499pt x 234.87526pt.


LaTeX Warning: Reference `fig:g' on page 5 undefined on input line 119.

<../plots/5channels10-2mix.pdf, id=99, 796.9775pt x 398.48875pt>
File: ../plots/5channels10-2mix.pdf Graphic file (type pdf)

<use ../plots/5channels10-2mix.pdf>
Package pdftex.def Info: ../plots/5channels10-2mix.pdf used on input line 122.
(pdftex.def)             Requested size: 469.75499pt x 234.87526pt.
 [5 <../plots/5channels10b.pdf> <../plots/5channels10-25mix.pdf>] AED: lastpage
 setting LastPage 
[6 <../plots/5channels10-2mix.pdf>] (./chris_brown_hw04.aux)

LaTeX Warning: There were undefined references.


LaTeX Warning: There were multiply-defined labels.

 ) 
Here is how much of TeX's memory you used:
 5689 strings out of 493633
 82895 string characters out of 3143378
 142101 words of memory out of 3000000
 8840 multiletter control sequences out of 15000+200000
 20187 words of font info for 59 fonts, out of 3000000 for 9000
 831 hyphenation exceptions out of 8191
 44i,13n,47p,810b,398s stack positions out of 5000i,500n,10000p,200000b,50000s
{/usr/local/texlive/2011/texmf-dist/fonts/enc/dvips/cm-super/cm-super-t1.enc}
{/usr/local/texlive/2011/texmf-dist/fonts/enc/dvips/cm-super/cm-super-ts1.enc}<
/usr/local/texlive/2011/texmf-dist/fonts/type1/public/amsfonts/cm/cmmi10.pfb></
usr/local/texlive/2011/texmf-dist/fonts/type1/public/amsfonts/cm/cmmi9.pfb></us
r/local/texlive/2011/texmf-dist/fonts/type1/public/amsfonts/cm/cmr10.pfb></usr/
local/texlive/2011/texmf-dist/fonts/type1/public/amsfonts/symbols/msam10.pfb></
usr/local/texlive/2011/texmf-dist/fonts/type1/public/cm-super/sfbx1000.pfb></us
r/local/texlive/2011/texmf-dist/fonts/type1/public/cm-super/sfbx1095.pfb></usr/
local/texlive/2011/texmf-dist/fonts/type1/public/cm-super/sfbx1440.pfb></usr/lo
cal/texlive/2011/texmf-dist/fonts/type1/public/cm-super/sfrm0900.pfb></usr/loca
l/texlive/2011/texmf-dist/fonts/type1/public/cm-super/sfrm1000.pfb></usr/local/
texlive/2011/texmf-dist/fonts/type1/public/cm-super/sfrm1095.pfb></usr/local/te
xlive/2011/texmf-dist/fonts/type1/public/cm-super/sftt1095.pfb>
Output written on chris_brown_hw04.pdf (6 pages, 12378191 bytes).
PDF statistics:
 161 PDF objects out of 1000 (max. 8388607)
 112 compressed objects within 2 object streams
 0 named destinations out of 1000 (max. 500000)
 71 words of extra memory for PDF output out of 10000 (max. 10000000)

